where is the backward pass happening here # trying higher learning rates
num_epochs = [20, 50, 100, 200]
learning_rates = [0.1, 0.05, 0.01, 0.001]
batch_sizes = [32, 64, 128, 256]
validation_accuracies = {}

# try out the different combinations (this will take a while to run)
for batch_size in batch_sizes:
    for learning_rate in learning_rates:
        for num_epoch in num_epochs:
            print(f"batch size: {batch_size}, learning rate: {learning_rate}, num epochs: {num_epoch}")
            model = LogisticRegression()
            optimizer = tf.optimizers.SGD(learning_rate)
            train_dataset = tf.data.Dataset.from_tensor_slices((X_train, y_train))
            train_dataset = train_dataset.shuffle(buffer_size=10000).batch(batch_size)
            epoch_loss = 0
            num_batches = 0

            # training loop
            for epoch in range(num_epoch):
                epoch_loss = 0  # reset loss per epoch
                num_batches = 0
                for x_batch, y_batch in train_dataset:
                    with tf.GradientTape() as tape:
                        z = model(x_batch)  # raw logits
                        loss = tf.nn.sigmoid_cross_entropy_with_logits(labels=y_batch, logits=z)
                        loss = tf.reduce_mean(loss)
                    gradients = tape.gradient(loss, [model.W, model.b])
                    optimizer.apply_gradients(zip(gradients, [model.W, model.b]))
                    epoch_loss += loss.numpy()
                    num_batches += 1
                print(f"Epoch {epoch + 1}/{num_epoch} loss: {epoch_loss / num_batches:.4f}")

            # Evaluate accuracy on test set
            probs = model(X_test, train=False)  # apply sigmoid
            y_preds = tf.cast(probs >= 0.5, tf.float32)
            accuracy_val = tf.reduce_mean(tf.cast(y_preds == y_test, tf.float32)).numpy()
            accuracies[(batch_size, learning_rate, num_epoch)] = accuracy_val


ChatGPT said:
The backward pass in your TensorFlow training loop happens here:

python
Copy code
gradients = tape.gradient(loss, [model.W, model.b])
optimizer.apply_gradients(zip(gradients, [model.W, model.b]))
Explanation:
Forward pass:

python
Copy code
with tf.GradientTape() as tape:
    z = model(x_batch)  # raw logits
    loss = tf.nn.sigmoid_cross_entropy_with_logits(labels=y_batch, logits=z)
    loss = tf.reduce_mean(loss)
This block computes the model's predictions (z) and the corresponding loss. TensorFlow "records" all operations on variables (model.W, model.b) inside the tape context.

Backward pass (gradient computation and update):

python
Copy code
gradients = tape.gradient(loss, [model.W, model.b])  # this is the backward pass
optimizer.apply_gradients(zip(gradients, [model.W, model.b]))  # this updates the weights
tape.gradient(...) computes the gradients of the loss with respect to the model‚Äôs trainable parameters. This is where backpropagation (the backward pass) happens.

optimizer.apply_gradients(...) applies those gradients to update the model's parameters.

So the backward pass ‚Äî meaning both gradient computation and weight update ‚Äî is fully captured in those two lines.

Let me know if you'd like a visualization of how data flows through this loop or how GradientTape works internally!







You said:
now do the same to find the lambda for l2 reg # L2 regularization
lambdas = [0.001, 0.01, 1]
validation_accuracies_regularized = {}
best_bs = best_accuracy[0] # batch size
best_lr = best_accuracy[1] # learning rate
best_ne = best_accuracy[2] # num epochs

for lamb in lambdas:
  print(f"lambda: {lamb}")
  model = LogisticRegression()
  optimizer = tf.optimizers.SGD(best_lr)
  train_dataset = tf.data.Dataset.from_tensor_slices((X_train, y_train))
  train_dataset = train_dataset.shuffle(buffer_size=10000).batch(batch_size)
  epoch_loss = 0
  num_batches = 0

  for epoch in range(best_ne):
    epoch_loss = 0  # reset loss per epoch
    num_batches = 0
    reg = 0.5 * lamb


ChatGPT said:
You're starting to implement L2 regularization, but your loop is incomplete ‚Äî you're missing the actual loss computation, gradient calculation, and weight update that incorporate the regularization term.

Here's the completed and correct version of your loop with L2 regularization applied to the model weights during training:

python
Copy code
# L2 regularization
lambdas = [0.001, 0.01, 1]
validation_accuracies_regularized = {}
best_bs = best_accuracy[0]  # batch size
best_lr = best_accuracy[1]  # learning rate
best_ne = best_accuracy[2]  # num epochs

for lamb in lambdas:
    print(f"lambda: {lamb}")
    model = LogisticRegression()
    optimizer = tf.optimizers.SGD(best_lr)
    train_dataset = tf.data.Dataset.from_tensor_slices((X_train, y_train))
    train_dataset = train_dataset.shuffle(buffer_size=10000).batch(best_bs)

    for epoch in range(best_ne):
        epoch_loss = 0
        num_batches = 0
        for x_batch, y_batch in train_dataset:
            with tf.GradientTape() as tape:
                z = model(x_batch)
                base_loss = tf.nn.sigmoid_cross_entropy_with_logits(labels=y_batch, logits=z)
                base_loss = tf.reduce_mean(base_loss)
                
                # L2 regularization term (0.5 * Œª * ||W||¬≤)
                reg_loss = 0.5 * lamb * tf.reduce_sum(tf.square(model.W))
                total_loss = base_loss + reg_loss

            gradients = tape.gradient(total_loss, [model.W, model.b])
            optimizer.apply_gradients(zip(gradients, [model.W, model.b]))

            epoch_loss += total_loss.numpy()
            num_batches += 1

        print(f"Epoch {epoch + 1}/{best_ne} loss: {epoch_loss / num_batches:.4f}")

    # Evaluate accuracy on test set
    probs = model(X_test, train=False)
    y_preds = tf.cast(probs >= 0.5, tf.float32)
    accuracy_val = tf.reduce_mean(tf.cast(y_preds == y_test, tf.float32)).numpy()
    validation_accuracies_regularized[lamb] = accuracy_val
Key Edits Made:
Regularization term: 0.5 * lamb * ||W||¬≤ is added to the loss.

model.W is assumed to be the weight matrix (not bias).

The optimizer still performs the backward pass using the total loss (base + regularization).

Let me know if your LogisticRegression class defines more than just W and b, or if you want to apply regularization to other parameters as well (e.g. include bias or use L1 instead).







You said:
can l2 reg be added in here? logistic_model.compile(
    optimizer=tf.keras.optimizers.SGD(learning_rate=0.01)
    loss='binary_crossentropy',
    metrics=['accuracy', 'loss']
)


ChatGPT said:
Yes, L2 regularization can (and should) be added inside the model definition itself, not inside .compile().

To add L2 regularization when you're using the compile() API (like with tf.keras.Sequential or a subclassed model), you must apply it to the layers of the model using the kernel_regularizer argument.

‚úÖ Example:
If you're defining your model using tf.keras.Sequential, it looks like this:

python
Copy code
from tensorflow.keras import layers, regularizers

logistic_model = tf.keras.Sequential([
    layers.Dense(1, 
                 activation='sigmoid', 
                 input_shape=(X_train.shape[1],), 
                 kernel_regularizer=regularizers.l2(0.01))  # <--- L2 here
])
Then compile as normal:

python
Copy code
logistic_model.compile(
    optimizer=tf.keras.optimizers.SGD(learning_rate=0.01),
    loss='binary_crossentropy',
    metrics=['accuracy']
)
Notes:
regularizers.l2(Œª) applies 0.5 √ó Œª √ó ||W||¬≤ automatically (this matches typical definitions).

The regularization penalty is added to the loss automatically during training.

The L2 penalty is only applied to the weights (kernel), not biases unless you also specify bias_regularizer=....

Let me know how you're building your logistic_model and I can tailor the example.







You said:
explain what everything is doing # define the logistic model architecture
logistic_model = keras.Sequential([
    keras.layers.Dense(1, 
                       activation='sigmoid', 
                       input_shape=(X_train.shape[1],) 
                       # kernel_regularizer = regularizers.l2(0.01)
                       )
])

# compile model using adam optimizer, binary cross entropy loss, and accuracy metric
logistic_model.compile(
    optimizer=tf.keras.optimizers.SGD(learning_rate=0.01)
    loss='binary_crossentropy',
    metrics=['accuracy', 'loss']
)

# fit it
logistic_model.fit(X_train, y_train, epochs=100, batch_size=32, verbose=0)

y_pred_prob = logistic_model.predict(X_test)
y_pred = (y_pred_prob >= 0.5).astype(int)
print(classification_report(y_test, y_pred))


ChatGPT said:
Here‚Äôs a line-by-line breakdown of what each part of your logistic regression model is doing:

üîß Model Definition
python
Copy code
logistic_model = keras.Sequential([
    keras.layers.Dense(1, 
                       activation='sigmoid', 
                       input_shape=(X_train.shape[1],) 
                       # kernel_regularizer = regularizers.l2(0.01)
                       )
])
keras.Sequential([...]): Creates a linear stack of layers. This model has only one layer, suitable for logistic regression (a linear model followed by a sigmoid).

keras.layers.Dense(1, ...):

Dense: Fully connected layer. Since it's Dense(1), it's outputting a single number per example, representing the predicted probability of the positive class.

activation='sigmoid': Applies the sigmoid function to the output, squashing it to a [0, 1] range. This is what makes it logistic regression.

input_shape=(X_train.shape[1],): Specifies the number of input features. This tells Keras what shape to expect for each training example (excluding batch size).

üí° You could uncomment kernel_regularizer=regularizers.l2(0.01) to apply L2 regularization to the weights.

‚öôÔ∏è Model Compilation
python
Copy code
logistic_model.compile(
    optimizer=tf.keras.optimizers.SGD(learning_rate=0.01),
    loss='binary_crossentropy',
    metrics=['accuracy', 'loss']
)
.compile(...) tells Keras how to train the model:

optimizer=tf.keras.optimizers.SGD(learning_rate=0.01): Uses stochastic gradient descent to minimize the loss function. The learning rate controls how big the steps are in gradient descent.

loss='binary_crossentropy': The loss function for binary classification. It compares the predicted probabilities to the true binary labels (0 or 1).

metrics=['accuracy', 'loss']: In addition to minimizing loss, Keras will track and report accuracy and loss during training and evaluation.

üöÇ Model Training
python
Copy code
logistic_model.fit(X_train, y_train, epochs=100, batch_size=32, verbose=0)
.fit(...) trains the model:

X_train, y_train: Training data.

epochs=100: Train for 100 full passes through the data.

batch_size=32: Break data into batches of 32 samples before updating weights.

verbose=0: Suppresses training logs (set to 1 or 2 to see progress).

During this process, TensorFlow automatically performs:

Forward pass (computing predictions),

Loss calculation,

Backward pass (computing gradients via backprop),

Weight updates using SGD.

üîç Model Evaluation
python
Copy code
y_pred_prob = logistic_model.predict(X_test)
y_pred = (y_pred_prob >= 0.5).astype(int)
predict(X_test): Produces the predicted probabilities (values between 0 and 1).

(y_pred_prob >= 0.5).astype(int): Converts probabilities to class predictions (1 if ‚â• 0.5, else 0). This is standard for binary classification thresholds.

üìä Performance Metrics
python
Copy code
print(classification_report(y_test, y_pred))
classification_report(...) (from sklearn.metrics) prints precision, recall, f1-score, and support for each class.

‚úÖ Summary
Step	What's Happening
Sequential	Builds the architecture
Dense(1)	One linear unit + sigmoid activation
compile()	Defines optimizer, loss, and metrics
fit()	Trains model with backpropagation
predict()	Gets output probabilities
>= 0.5	Converts probs to class labels
classification_report	Evaluates performance

Let me know if you want to visualize the model, track validation accuracy, or add regularization!







You said:
how do i see how loss and accuracy change over num epochs


ChatGPT said:
Great question! You can track how loss and accuracy change over epochs by saving the history returned by model.fit(...).

Here‚Äôs how to do it:

‚úÖ Step-by-step: Track Training Metrics
python
Copy code
# Fit the model and save the training history
history = logistic_model.fit(
    X_train, y_train,
    epochs=100,
    batch_size=32,
    verbose=0  # or 1 to see live updates
)
Now history is a History object that contains a dictionary of metrics for each epoch.

üìà Plotting Accuracy and Loss
python
Copy code
import matplotlib.pyplot as plt

# Extract metrics from history
acc = history.history['accuracy']
loss = history.history['loss']
epochs = range(1, len(acc) + 1)

# Plot accuracy
plt.figure(figsize=(12, 5))

plt.subplot(1, 2, 1)
plt.plot(epochs, acc, 'b-', label='Training Accuracy')
plt.xlabel('Epochs')
plt.ylabel('Accuracy')
plt.title('Training Accuracy Over Epochs')
plt.legend()

# Plot loss
plt.subplot(1, 2, 2)
plt.plot(epochs, loss, 'r-', label='Training Loss')
plt.xlabel('Epochs')
plt.ylabel('Loss')
plt.title('Training Loss Over Epochs')
plt.legend()

plt.tight_layout()
plt.show()
Optional: Add Validation Metrics
If you want to track validation loss and accuracy (recommended), pass validation data to .fit():

python
Copy code
history = logistic_model.fit(
    X_train, y_train,
    epochs=100,
    batch_size=32,
    validation_data=(X_test, y_test),
    verbose=0
)
Then you can also plot:

history.history['val_accuracy']

history.history['val_loss']

Let me know if you want to save this to a file, overlay training vs. validation, or track additional metrics!










Tools



ChatGPT can make mistakes. Check important info. See Cookie Preferences.


make this ieee. i used python 3.10


ChatGPT said:
Here‚Äôs how you could write your result in IEEE style, assuming you're presenting it in a report or paper using IEEE format (such as for a class or conference submission).








You said:
Python Software Foundation. *The Python Language Reference*. Version x.y. Python Software Foundation, Year. Web.


ChatGPT said:
Here is the proper IEEE-style citation for Python 3.10:

Python Software Foundation, Python Language Reference, version 3.10, Python Software Foundation, 2021. [Online]. Available: https://www.python.org

If you're using this in an IEEE-style reference list, it would look like this:

bibtex
Copy
Edit
[1] Python Software Foundation, *Python Language Reference*, version 3.10, Python Software Foundation, 2021. [Online]. Available: https://www.python.org
Let me know if you‚Äôre citing other tools (e.g., NumPy, statsmodels, pandas) and I‚Äôll format those too.

fix this ieee bibliography \begin{thebibliography}{00}
\bibitem{cnn} CNN election results
\bibitem{reuters} https://www.reuters.com/investigations/kamala-harris-made-historic-dash-white-house-heres-why-she-fell-short-2024-11-06/
\bibitem{mongrain} P. Mongrain and M. Stegmaier, ‚ÄúIntroduction to Forecasting the 2024 US Elections,‚Äù PS: Political Science \& Politics, vol. 58, no. 2, pp. 184‚Äì191, 2025. doi:10.1017/S1049096524001008
\bibitem{gallup} https://news.gallup.com/poll/651719/economy-important-issue-2024-presidential-vote.aspx
\bibitem{pew1} https://www.pewresearch.org/politics/2024/09/09/issues-and-the-2024-election/
\bibitem{kuriwaki} S. Kuriwaki, J. Grumbach, A. Sadin, and E. Schickler, ‚ÄúThe Geography of Racially Polarized Voting: Calibrating Surveys at the District Level,‚Äù Institution for Social and Policy Studies, Yale University, ISPS22-28, 2023. [Online]. Available: https://isps.yale.edu/research/publications/23-28
\bibitem{algara} C. Algara and K. Hale, ‚ÄúDoes Racial Attitude Influence the 2020 Vote for Trump? Evidence from a National Probability Sample of White Voters,‚Äù Political Behavior, vol. 45, no. 1, pp. 193‚Äì216, Mar. 2023. [Online]. Available: https://doi.org/10.1007/s11109-021-09727-5
\bibitem{camatarri} S. Camatarri, ‚ÄúPredicting Popular-vote Shares in US Presidential Elections: A Model-based Strategy Relying on Anes Data,‚Äù PS: Political Science \& Politics, vol. 58, no. 2, pp. 253‚Äì257, 2025. doi:10.1017/S1049096524000933
\bibitem{app} https://www.presidency.ucsb.edu/statistics/elections/2024
\bibitem{python} Python Software Foundation, *Python Language Reference*, version 3.10, Python Software Foundation, 2021. [Online]. Available: https://www.python.org
\bibitem{pew} H. Hartig, S. Keeter, A. Daniller, and T. Van Green, ‚ÄúBehind Trump‚Äôs 2024 Victory, a More Racially and Ethnically Diverse Voter Coalition,‚Äù Pew Research Center, Jun. 26, 2025. [Online]. Available: https://www.pewresearch.org/politics/2025/06/26/behind-trumps-2024-victory-a-more-racially-and-ethnically-diverse-voter-coalition
\bibitem{abramowitz} cite the abramowitz paper here
\bibitem{ces24} B. Schaffner, M. Shih, S. Ansolabehere, and J. Pope, ‚ÄúCooperative Election Study Common Content, 2024.‚Äù Harvard Dataverse, 2025. doi: doi:10.7910/DVN/X11EP6. 
\bibitem{ceswebsite} https://tischcollege.tufts.edu/research-faculty/research-centers/cooperative-election-study
\bibitem{statsmodels} https://www.statsmodels.org/dev/generated/statsmodels.regression.linear\_model.OLSResults.compare\_lr\_test.html
\bibitem{lrt-wikipedia} \href{https://en.wikipedia.org/wiki/Likelihood-ratio_test#:~:text=In%20statistics%2C%20the%20likelihood%2Dratio,the%20ratio%20of%20their%20likelihoods.}{link}
\bibitem{ucla} \url{https://stats.oarc.ucla.edu/other/mult-pkg/faq/general/faqhow-are-the-likelihood-ratio-wald-and-lagrange-multiplier-score-tests-different-andor-similar/#:~:text=On%20the%20x%2Daxis%20are,i%20k%20(%20m%201%20)%20)}
\bibitem{scikit-learn} F. Pedregosa et al., ‚Äú3.4 Metrics and Scoring: quantifying the quality of predictions,‚Äù scikit-learn: Machine Learning in Python, scikit-learn developers, 2024. [Online]. Available: https://scikit-learn.org/stable/modules/model\_evaluation.html
\bibitem{keras} cite keras package here
\bibitem{google-dev} https://developers.google.com/machine-learning/crash-course/overfitting/regularization
\end{thebibliography}


ChatGPT said:
Here is a corrected and IEEE-compliant version of your bibliography. I‚Äôve done the following:

Provided full citation formats for all URLs where possible.

Added missing references (abramowitz, keras) with placeholder citation text‚Äîyou'll need to update these.

Replaced plain URLs with proper [Online]. Available: formatting.

Removed LaTeX \href and \url commands (not IEEE style).

Ensured consistent punctuation and capitalization.

latex
Copy
Edit
\begin{thebibliography}{00}

\bibitem{cnn} CNN, ‚ÄúElection Results 2024.‚Äù [Online]. Available: https://www.cnn.com/election/2024/results

\bibitem{reuters} Reuters, ‚ÄúKamala Harris Made a Historic Dash for the White House. Here‚Äôs Why She Fell Short,‚Äù Nov. 6, 2024. [Online]. Available: https://www.reuters.com/investigations/kamala-harris-made-historic-dash-white-house-heres-why-she-fell-short-2024-11-06/

\bibitem{mongrain} P. Mongrain and M. Stegmaier, ‚ÄúIntroduction to Forecasting the 2024 US Elections,‚Äù *PS: Political Science \& Politics*, vol. 58, no. 2, pp. 184‚Äì191, 2025. doi: 10.1017/S1049096524001008.

\bibitem{gallup} Gallup, ‚ÄúThe Economy Is the Most Important Issue in the 2024 Presidential Vote,‚Äù 2024. [Online]. Available: https://news.gallup.com/poll/651719/economy-important-issue-2024-presidential-vote.aspx

\bibitem{pew1} Pew Research Center, ‚ÄúIssues and the 2024 Election,‚Äù Sep. 9, 2024. [Online]. Available: https://www.pewresearch.org/politics/2024/09/09/issues-and-the-2024-election/

\bibitem{kuriwaki} S. Kuriwaki, J. Grumbach, A. Sadin, and E. Schickler, ‚ÄúThe Geography of Racially Polarized Voting: Calibrating Surveys at the District Level,‚Äù Institution for Social and Policy Studies, Yale University, ISPS22-28, 2023. [Online]. Available: https://isps.yale.edu/research/publications/23-28

\bibitem{algara} C. Algara and K. Hale, ‚ÄúDoes Racial Attitude Influence the 2020 Vote for Trump? Evidence from a National Probability Sample of White Voters,‚Äù *Political Behavior*, vol. 45, no. 1, pp. 193‚Äì216, Mar. 2023. [Online]. Available: https://doi.org/10.1007/s11109-021-09727-5

\bibitem{camatarri} S. Camatarri, ‚ÄúPredicting Popular-vote Shares in US Presidential Elections: A Model-based Strategy Relying on ANES Data,‚Äù *PS: Political Science \& Politics*, vol. 58, no. 2, pp. 253‚Äì257, 2025. doi: 10.1017/S1049096524000933.

\bibitem{app} The American Presidency Project, ‚ÄúStatistics and the 2024 Election.‚Äù [Online]. Available: https://www.presidency.ucsb.edu/statistics/elections/2024

\bibitem{python} Python Software Foundation, *Python Language Reference*, version 3.10, 2021. [Online]. Available: https://www.python.org

\bibitem{pew} H. Hartig, S. Keeter, A. Daniller, and T. Van Green, ‚ÄúBehind Trump‚Äôs 2024 Victory, a More Racially and Ethnically Diverse Voter Coalition,‚Äù Pew Research Center, Jun. 26, 2025. [Online]. Available: https://www.pewresearch.org/politics/2025/06/26/behind-trumps-2024-victory-a-more-racially-and-ethnically-diverse-voter-coalition

\bibitem{abramowitz} A. Abramowitz, ‚ÄúThe Great Alignment: Race, Party Transformation, and the Rise of Donald Trump,‚Äù *American Political Science Review*, vol. XX, no. XX, pp. XX‚ÄìXX, Year. [Update with correct citation]

\bibitem{ces24} B. Schaffner, M. Shih, S. Ansolabehere, and J. Pope, ‚ÄúCooperative Election Study Common Content, 2024,‚Äù Harvard Dataverse, 2025. doi: 10.7910/DVN/X11EP6.

\bibitem{ceswebsite} Tufts University Tisch College, ‚ÄúCooperative Election Study.‚Äù [Online]. Available: https://tischcollege.tufts.edu/research-faculty/research-centers/cooperative-election-study

\bibitem{statsmodels} ‚Äúcompare\_lr\_test,‚Äù Statsmodels Documentation. [Online]. Available: https://www.statsmodels.org/dev/generated/statsmodels.regression.linear_model.OLSResults.compare_lr_test.html

\bibitem{lrt-wikipedia} Wikipedia, ‚ÄúLikelihood-ratio test.‚Äù [Online]. Available: https://en.wikipedia.org/wiki/Likelihood-ratio_test

\bibitem{ucla} UCLA Statistical Consulting Group, ‚ÄúFAQ: How are the Likelihood Ratio, Wald, and Lagrange Multiplier (Score) Tests Different (and/or Similar)?‚Äù [Online]. Available: https://stats.oarc.ucla.edu/other/mult-pkg/faq/general/faqhow-are-the-likelihood-ratio-wald-and-lagrange-multiplier-score-tests-different-andor-similar/

\bibitem{scikit-learn} F. Pedregosa et al., ‚Äú3.4 Metrics and Scoring: Quantifying the Quality of Predictions,‚Äù *scikit-learn: Machine Learning in Python*, scikit-learn developers, 2024. [Online]. Available: https://scikit-learn.org/stable/modules/model_evaluation.html

\bibitem{keras} Keras Team, ‚ÄúKeras: The Python Deep Learning API,‚Äù Version X.X, 2024. [Online]. Available: https://keras.io [Update with full citation]

\bibitem{google-dev} Google Developers, ‚ÄúRegularization for Simplicity,‚Äù *Machine Learning Crash Course*. [Online]. Available: https://developers.google.com/machine-learning/crash-course/overfitting/regularization

\end{thebibliography}
Let me know if you want BibTeX format instead, or help filling in any missing details like the actual Abramowitz publication.








You said:
make this ieee chicago
Abramowitz, Alan I. ‚ÄúAn Improved Model for Predicting Presidential Election Outcomes.‚Äù PS: Political Science and Politics 21, no. 4 (1988): 843‚Äì47. https://doi.org/10.2307/420023.


ChatGPT said:
Here is the IEEE-style citation for the Abramowitz article you provided:

latex
Copy
Edit
\bibitem{abramowitz} A. I. Abramowitz, ‚ÄúAn Improved Model for Predicting Presidential Election Outcomes,‚Äù *PS: Political Science and Politics*, vol. 21, no. 4, pp. 843‚Äì847, 1988. doi: 10.2307/420023.
And here's the same citation in Chicago author-date style:

Chicago (Author-Date):

Abramowitz, Alan I. 1988. ‚ÄúAn Improved Model for Predicting Presidential Election Outcomes.‚Äù PS: Political Science and Politics 21 (4): 843‚Äì847. https://doi.org/10.2307/420023.

Let me know which version you want to include in your document, or if you‚Äôre switching the whole bibliography to Chicago style.



make this show the percentages in % format cm = confusion_matrix(y_test, y_pred)
fig = plt.figure(figsize = (8,8))
ax1 = fig.add_subplot(1,1,1)
sns.set(font_scale=1.4) #for label size
sns.heatmap(cm, annot=True, annot_kws={"size": 12},
     cbar = False, cmap='Purples');
ax1.set_ylabel('True Values',fontsize=14)
ax1.set_xlabel('Predicted Values',fontsize=14)
plt.show()


ChatGPT said:
To show the confusion matrix as percentages rather than raw counts, you can normalize the confusion matrix by dividing each cell by the total number of samples (or by the sum over rows or columns, depending on the percentage you want).

Here‚Äôs how to modify your code to display percentages of the total samples in the heatmap annotations:

python
Copy
Edit
from sklearn.metrics import confusion_matrix
import matplotlib.pyplot as plt
import seaborn as sns
import numpy as np

cm = confusion_matrix(y_test, y_pred)
cm_percent = cm / np.sum(cm) * 100  # convert counts to % of total

fig = plt.figure(figsize=(8,8))
ax1 = fig.add_subplot(1,1,1)
sns.set(font_scale=1.4)  # for label size

sns.heatmap(cm_percent, annot=True, fmt=".2f", annot_kws={"size": 12},
            cbar=False, cmap='Purples', 
            xticklabels=['Predicted 0', 'Predicted 1'], 
            yticklabels=['True 0', 'True 1'])

ax1.set_ylabel('True Values', fontsize=14)
ax1.set_xlabel('Predicted Values', fontsize=14)
plt.title("Confusion Matrix (%)", fontsize=16)
plt.show()
Explanation:
cm_percent is the confusion matrix normalized by total samples and multiplied by 100 to get percentages.

fmt=".2f" formats the annotations to two decimal places.

I added axis tick labels to make it clear which class is 0 or 1 (you can customize those labels).

If you want percentages by row (i.e., recall percentages), do this instead:

python
Copy
Edit
cm_percent = cm / cm.sum(axis=1, keepdims=True) * 100
Let me know which percentage style you want and I can adjust!








You said:
make it the total among that class


ChatGPT said:
Got it! To show percentages relative to each true class (i.e., each row sums to 100%), normalize the confusion matrix by rows like this:

python
Copy
Edit
import numpy as np
from sklearn.metrics import confusion_matrix
import matplotlib.pyplot as plt
import seaborn as sns

cm = confusion_matrix(y_test, y_pred)
cm_percent = cm / cm.sum(axis=1, keepdims=True) * 100  # normalize rows to sum to 100%

fig = plt.figure(figsize=(8,8))
ax1 = fig.add_subplot(1,1,1)
sns.set(font_scale=1.4)  # for label size

sns.heatmap(cm_percent, annot=True, fmt=".2f", annot_kws={"size": 12},
            cbar=False, cmap='Purples', 
            xticklabels=['Predicted 0', 'Predicted 1'], 
            yticklabels=['True 0', 'True 1'])

ax1.set_ylabel('True Values', fontsize=14)
ax1.set_xlabel('Predicted Values', fontsize=14)
plt.title("Confusion Matrix (Percentages by True Class)", fontsize=16)
plt.show()
What this does:
Each row‚Äôs values sum to 100%, showing the percentage of samples within each true class classified into each predicted class.

This reflects class-wise accuracy and misclassification rates as percentages.

Let me know if you want help adjusting labels or styling!








You said:
round to two decimals


ChatGPT said:
You're almost there! To round to two decimals, just ensure fmt=".2f" is set in the sns.heatmap() call, which you already have.

Here‚Äôs the complete snippet again, with the rounding clarified:

python
Copy
Edit
import numpy as np
from sklearn.metrics import confusion_matrix
import matplotlib.pyplot as plt
import seaborn as sns

cm = confusion_matrix(y_test, y_pred)
cm_percent = cm / cm.sum(axis=1, keepdims=True) * 100  # normalize by row (true class)

fig = plt.figure(figsize=(8,8))
ax1 = fig.add_subplot(1,1,1)
sns.set(font_scale=1.4)  # for label size

sns.heatmap(cm_percent, annot=True, fmt=".2f",  # two decimal places
            annot_kws={"size": 12},
            cbar=False, cmap='Purples',
            xticklabels=['Predicted 0', 'Predicted 1'],
            yticklabels=['True 0', 'True 1'])

ax1.set_ylabel('True Values', fontsize=14)
ax1.set_xlabel('Predicted Values', fontsize=14)
plt.title("Confusion Matrix (Percentages by True Class)", fontsize=16)
plt.show()
‚úÖ This will display each value in the heatmap as a percentage, rounded to two decimal places.

cite in ieee https://pypi.org/project/keras/


ChatGPT said:
Here is an appropriate IEEE‚Äëstyle citation for the Keras project on PyPI, using the latest available information:

less
Copy
Edit
Keras Team, ‚Äúkeras,‚Äù PyPI, version¬†3.11.1, Jul.¬†31,¬†2025. [Online]. Available: https://pypi.org/project/keras/  
Explanation:
Title: keras (as listed on the PyPI project page) 
PyPI
+11
PyPI
+11
PyPI
+11

Author: Keras Team (maintainers include Fran√ßois Chollet and colleagues) 
PyPI
+7
PyPI
+7
Wikipedia
+7

Version: 3.11.1 (released July 31, 2025) 
PyPI
+1
PyPI
+1

Publisher: PyPI (Python Package Index)

Date: Released July¬†31,¬†2025 
ActiveState
+7
PyPI
+7
PyPI
+7

URL: https://pypi.org/project/keras/

If you also want to cite tensorflow.keras (the TensorFlow-integrated Keras API), here‚Äôs an IEEE citation for the standalone tf-keras PyPI project:

less
Copy
Edit
Keras Team, ‚Äútf‚Äëkeras,‚Äù PyPI, version¬†2.19.0, Mar.¬†3,¬†2025. [Online]. Available: https://pypi.org/project/tf-keras/  
This references version 2.19.0 released March¬†3,¬†2025, as listed for the tf‚Äëkeras package 
Wikipedia
+6
PyPI
+6
Stack Overflow
+6
PyPI
+1
PyPI
+1
.

Let me know if you need the BibTeX entry or another citation style!










Sources



Tools










You said:
add a % tick


ChatGPT said:
To add a % sign to each annotation in the heatmap, you can format the strings manually. Here's the updated code with annotations showing percentages rounded to two decimals and including a % sign:

python
Copy
Edit
import numpy as np
from sklearn.metrics import confusion_matrix
import matplotlib.pyplot as plt
import seaborn as sns

cm = confusion_matrix(y_test, y_pred)
cm_percent = cm / cm.sum(axis=1, keepdims=True) * 100  # normalize by row (true class)

# Format annotations with % sign
labels = np.array([[f"{val:.2f}%" for val in row] for row in cm_percent])

fig = plt.figure(figsize=(8,8))
ax1 = fig.add_subplot(1,1,1)
sns.set(font_scale=1.4)  # for label size

sns.heatmap(cm_percent,
            annot=labels, fmt="",  # fmt="" so it uses your custom strings
            annot_kws={"size": 12},
            cbar=False, cmap='Purples',
            xticklabels=['Predicted 0', 'Predicted 1'],
            yticklabels=['True 0', 'True 1'])

ax1.set_ylabel('True Values', fontsize=14)
ax1.set_xlabel('Predicted Values', fontsize=14)
plt.title("Confusion Matrix (Percentages by True Class)", fontsize=16)
plt.show()
Let me know if you also want to display the raw counts on top of the percentages!

remove duplicates and clean this up # Workplace setup
import pandas as pd
import numpy as np
import matplotlib.pyplot as plt
import matplotlib.ticker as mtick
from matplotlib.ticker import FuncFormatter
import seaborn as sns
import statsmodels.api as sm
import statsmodels.formula.api as smf
from statsmodels.stats.outliers_influence import variance_inflation_factor
from sklearn.linear_model import LogisticRegression
from sklearn.model_selection import train_test_split
from sklearn.metrics import classification_report, accuracy_score, confusion_matrix
from sklearn.preprocessing import OneHotEncoder, PolynomialFeatures
from sklearn.compose import ColumnTransformer
from sklearn.pipeline import Pipeline
import pymc as pm
import arviz as az
import random
from scipy import stats
from scipy.stats.distributions import chi2
import tensorflow as tf
from tensorflow import keras

import os
import tempfile

import matplotlib as mpl
import matplotlib.pyplot as plt
import numpy as np
import pandas as pd
import seaborn as sns

import sklearn
from sklearn.metrics import confusion_matrix
from sklearn.model_selection import train_test_split
from sklearn.preprocessing import StandardScaler
import tensorflow as tf
import keras
from sklearn.model_selection import train_test_split
from sklearn.metrics import classification_report
from keras import regularizers


ChatGPT said:
Here‚Äôs a cleaned-up version of your import section with all duplicates removed and modules organized logically for readability:

python
Copy
Edit
# --- Core Libraries ---
import os
import random
import tempfile

# --- Data Handling ---
import pandas as pd
import numpy as np

# --- Visualization ---
import matplotlib as mpl
import matplotlib.pyplot as plt
import matplotlib.ticker as mtick
from matplotlib.ticker import FuncFormatter
import seaborn as sns

# --- Stats and Modeling ---
import statsmodels.api as sm
import statsmodels.formula.api as smf
from statsmodels.stats.outliers_influence import variance_inflation_factor
from scipy import stats
from scipy.stats.distributions import chi2

# --- Machine Learning ---
import sklearn
from sklearn.linear_model import LogisticRegression
from sklearn.model_selection import train_test_split
from sklearn.metrics import classification_report, accuracy_score, confusion_matrix
from sklearn.preprocessing import OneHotEncoder, PolynomialFeatures, StandardScaler
from sklearn.compose import ColumnTransformer
from sklearn.pipeline import Pipeline

# --- Deep Learning ---
import tensorflow as tf
from tensorflow import keras
from keras import regularizers

# --- Bayesian Modeling ---
import pymc as pm
import arviz as az
Let me know if you'd like me to group them by usage in your script (e.g. preprocessing, modeling, visualization).









You said:
add % tick # confusion matrix
cm = confusion_matrix(y_test, y_pred)  
cm = cm / cm.sum(axis=1, keepdims=True) * 100
fig = plt.figure(figsize = (8,8))
ax1 = fig.add_subplot(1,1,1)
sns.set(font_scale=1.4) #for label size
sns.heatmap(cm, annot=True, 
            # fmt = '.2f',
            annot_kws={"size": 12},
     cbar = False, cmap='Purples');
ax1.set_ylabel('True Values',fontsize=14)
ax1.set_xlabel('Predicted Values',fontsize=14)
plt.show()


ChatGPT said:
To add a % sign to each value in the heatmap, you need to manually format the annotations instead of using annot=True. Here‚Äôs your updated code with:

percentages rounded to two decimals

% sign added to each cell

python
Copy
Edit
import numpy as np
import seaborn as sns
import matplotlib.pyplot as plt
from sklearn.metrics import confusion_matrix

# Compute and normalize confusion matrix
cm = confusion_matrix(y_test, y_pred)
cm_normalized = cm / cm.sum(axis=1, keepdims=True) * 100

# Format annotations with % sign
labels = np.array([[f"{val:.2f}%" for val in row] for row in cm_normalized])

# Plot
fig = plt.figure(figsize=(8, 8))
ax1 = fig.add_subplot(1, 1, 1)
sns.set(font_scale=1.4)

sns.heatmap(cm_normalized,
            annot=labels, fmt="",  # Use custom labels
            annot_kws={"size": 12},
            cbar=False, cmap='Purples')

ax1.set_ylabel('True Values', fontsize=14)
ax1.set_xlabel('Predicted Values', fontsize=14)
plt.title("Confusion Matrix (% by True Class)", fontsize=16)
plt.show()
This will display each value as e.g. 89.47% in the heatmap cells. Let me know if you want to add class labels or raw counts too.



is this ok? type(X_)
type(X_)
numpy.ndarray


ChatGPT said:
Yes, if type(X_) returns numpy.ndarray, then it is okay and compatible with PyMC ‚Äî as long as:

It is a 2D array of shape (n_samples, n_features)

It contains numeric data only (floats or ints)

You use pm.math.dot() instead of np.dot() when doing operations inside the model context

‚úÖ Check Shape
You can confirm it's properly shaped like this:

python
Copy
Edit
X_.shape  # should return (n_samples, n_features)
‚ùó Common Pitfalls to Avoid
If X_ is a pandas.DataFrame, you might get strange errors unless you convert it to NumPy using .values or .to_numpy().

If it has object or string dtypes, PyMC won't work ‚Äî ensure it's all float or int.

Let me know if you want to verify the contents or structure of X_ before sampling.








You said:
X_.shape
X_.shape
(45636, 132)


ChatGPT said:
Perfect ‚Äî X_.shape == (45636, 132) means you have:

45,636 observations

132 predictor variables (features)

This is a valid and well-structured input for your logistic regression model in PyMC.

‚úÖ So your model line:
python
Copy
Edit
w = pm.Normal('weights', mu=0, sigma=1, shape=X_.shape[1])
is correctly defining a prior over 132 weights (one per feature).

And:

python
Copy
Edit
logits = pm.math.dot(X_, w) + w0
will compute the linear combination correctly, assuming X_ contains only numerical values.

If you're seeing good convergence from pm.sample(...), you're all set. Let me know if you'd like to:

Add interaction terms

Use informative priors (e.g. skeptical prior on biden_approval)

Check or visualize posterior predictions or coefficient uncertainty








You said:
---------------------------------------------------------------------------
KeyError                                  Traceback (most recent call last)
/usr/local/lib/python3.11/dist-packages/pytensor/tensor/type.py in dtype_specs(self)
    305         try:
--> 306             return self.dtype_specs_map[self.dtype]
    307         except KeyError:

KeyError: 'object'

During handling of the above exception, another exception occurred:

TypeError                                 Traceback (most recent call last)
7 frames
/usr/local/lib/python3.11/dist-packages/pytensor/tensor/type.py in dtype_specs(self)
    306             return self.dtype_specs_map[self.dtype]
    307         except KeyError:
--> 308             raise TypeError(
    309                 f"Unsupported dtype for {self.__class__.__name__}: {self.dtype}"
    310             )


ChatGPT said:
The error you're seeing ‚Äî KeyError: 'object' leading to a TypeError: Unsupported dtype ‚Äî means that your design matrix X_ contains data with dtype object, which PyMC (via PyTensor/Theano) cannot handle.

üîß Fix
You need to convert X_ to a numeric-only NumPy array, typically float64.

Here‚Äôs how to fix it:

‚úÖ If X_ is a pandas DataFrame:
python
Copy
Edit
X_ = X_.astype('float64').to_numpy()
‚úÖ If it's already a NumPy array, check dtype and cast:
python
Copy
Edit
print(X_.dtype)  # If this says 'object', fix it:
X_ = X_.astype('float64')
üß™ Tip: Check for Non-Numeric Columns Early
If you're building X_ from dummy variables or feature engineering steps, ensure:

All categorical variables are one-hot encoded

No mixed types (e.g., strings, None, booleans)

You can run this to find problematic columns (if you're starting with a DataFrame):

python
Copy
Edit
non_numeric_cols = X_.select_dtypes(exclude=[np.number]).columns
print(non_numeric_cols)
Once you've ensured X_ is a float64 NumPy array, rerun your model ‚Äî this error will go away.

Let me know if you'd like help checking your original data pipeline.

what is wrong  r hat plot
az.plot_rhat(idata, var_names=['w0', 'weights'])
plt.tight_layout()
plt.show()


ChatGPT said:
The code you posted:

python
Copy
Edit
az.plot_rhat(idata, var_names=['w0', 'weights'])
plt.tight_layout()
plt.show()
is generally correct if the idata object is a valid ArviZ InferenceData object and contains the variables 'w0' and 'weights'.

Here are common issues that might be causing the plot to fail or look wrong:

‚úÖ 1. Variable Names Not Found
Make sure that 'w0' and 'weights' actually exist in your idata. You can check this with:

python
Copy
Edit
print(idata.posterior)
If they are not in the posterior group, you will get an error like:

KeyError: Variable name 'w0' not found in inference data group 'posterior'.

‚úÖ 2. Shape of the Variables
az.plot_rhat expects multichain MCMC samples. If your inference was done with only one chain, RÃÇ is undefined, and the plot will fail or produce nans.

Solution: Ensure your sampling used chains > 1.

‚úÖ 3. Import matplotlib.pyplot
If plt.tight_layout() fails silently, make sure you‚Äôve actually imported matplotlib:

python
Copy
Edit
import matplotlib.pyplot as plt
‚úÖ 4. RÃÇ Not Computable
If weights is a matrix or high-dimensional array, sometimes RÃÇ cannot be computed for each element if convergence diagnostics are not valid.

You can try plotting RÃÇ only for a subset:

python
Copy
Edit
az.plot_rhat(idata, var_names=['weights'], coords={"dim_0": [0]})
‚úÖ 5. Library Version Mismatch
If you're using an older version of ArviZ or PyMC, some diagnostics might not be implemented or behave differently.

Check your versions:

python
Copy
Edit
import arviz as az
print(az.__version__)
Update if needed:

bash
Copy
Edit
pip install --upgrade arviz
‚úÖ 6. No Posterior Group
Ensure the InferenceData object has a posterior group. If you're trying to use prior predictive or posterior predictive only, RÃÇ won‚Äôt be defined.

If you send me the full traceback or error message, I can diagnose more precisely.








You said:
it says no rhat method


ChatGPT said:
Got it ‚Äî if you're seeing an error like:

AttributeError: 'InferenceData' object has no attribute 'rhat'
or
No rhat method exists for InferenceData

this usually means one of two things:

‚úÖ 1. You Haven‚Äôt Run MCMC (or Used Only One Chain)
RÃÇ (the Gelman‚ÄìRubin statistic) requires multiple MCMC chains to be meaningful. If your model was fit using only one chain, az.plot_rhat cannot compute it.

‚úÖ Fix:
Ensure your model was sampled with more than one chain:

python
Copy
Edit
trace = pm.sample(chains=4, draws=1000, ...)
Then regenerate the idata object from that.

‚úÖ 2. You‚Äôre Passing the Wrong Kind of InferenceData
Make sure your idata really has a posterior group with samples from MCMC. You can check:

python
Copy
Edit
print(idata)
Look for this in the output:

text
Copy
Edit
Inference data with groups:
    > posterior
    > sample_stats
    ...
If there's no posterior group, ArviZ cannot compute RÃÇ.

‚úÖ 3. Try Calling az.rhat() Manually
You can check if rhat is available by running:

python
Copy
Edit
az.rhat(idata, var_names=['w0', 'weights'])
If this throws an error, then the data isn't valid for RÃÇ.

‚úÖ 4. Check Your ArviZ Version
Older versions of ArviZ may not support plot_rhat().

Make sure you're using a modern version:

bash
Copy
Edit
pip install --upgrade arviz
Recommended version: >=0.13.0

‚úÖ Summary Fix Checklist
Check that your model was sampled with multiple chains.

Check that idata has a posterior group: print(idata).

Try computing RÃÇ manually: az.rhat(idata, var_names=[...]).

Upgrade ArviZ: pip install --upgrade arviz.

If you're still stuck, paste the exact error message or show the output of print(idata) ‚Äî I can pinpoint the issue from that.








You said:
i did not specify chains


ChatGPT said:
That explains it ‚Äî if you didn‚Äôt specify chains, you likely ran only one chain, which means ArviZ cannot compute RÃÇ (R-hat). RÃÇ is a convergence diagnostic that compares between-chain and within-chain variance, so it‚Äôs undefined if there‚Äôs only one chain.

‚úÖ Fix: Re-run your model with multiple chains
If you're using PyMC, update your sampling call like this:

python
Copy
Edit
with model:
    idata = pm.sample(chains=4, draws=1000)
If you're using NumPyro, Stan, or another backend, make sure to set chains=4 or similar.

‚úÖ After re-sampling:
Then your RÃÇ plot should work:

python
Copy
Edit
az.plot_rhat(idata, var_names=['w0', 'weights'])
plt.tight_layout()
plt.show()
üîé Why 4 Chains?
Four is the standard because:

2 is the minimum to compute RÃÇ.

4 is more robust and helps detect non-convergence.

More chains increase the reliability of posterior diagnostics like ess and rhat.

Let me know if you're using something other than PyMC or if you'd like help re-running your model!








You said:
how many chains is this  Progress                    Draws   Divergences   Step size   Grad evals   Sampling Speed   Elapsed   Remaining  
 ‚îÄ‚îÄ‚îÄ‚îÄ‚îÄ‚îÄ‚îÄ‚îÄ‚îÄ‚îÄ‚îÄ‚îÄ‚îÄ‚îÄ‚îÄ‚îÄ‚îÄ‚îÄ‚îÄ‚îÄ‚îÄ‚îÄ‚îÄ‚îÄ‚îÄ‚îÄ‚îÄ‚îÄ‚îÄ‚îÄ‚îÄ‚îÄ‚îÄ‚îÄ‚îÄ‚îÄ‚îÄ‚îÄ‚îÄ‚îÄ‚îÄ‚îÄ‚îÄ‚îÄ‚îÄ‚îÄ‚îÄ‚îÄ‚îÄ‚îÄ‚îÄ‚îÄ‚îÄ‚îÄ‚îÄ‚îÄ‚îÄ‚îÄ‚îÄ‚îÄ‚îÄ‚îÄ‚îÄ‚îÄ‚îÄ‚îÄ‚îÄ‚îÄ‚îÄ‚îÄ‚îÄ‚îÄ‚îÄ‚îÄ‚îÄ‚îÄ‚îÄ‚îÄ‚îÄ‚îÄ‚îÄ‚îÄ‚îÄ‚îÄ‚îÄ‚îÄ‚îÄ‚îÄ‚îÄ‚îÄ‚îÄ‚îÄ‚îÄ‚îÄ‚îÄ‚îÄ‚îÄ‚îÄ‚îÄ‚îÄ‚îÄ‚îÄ‚îÄ‚îÄ‚îÄ‚îÄ‚îÄ‚îÄ‚îÄ‚îÄ‚îÄ‚îÄ‚îÄ 
  ‚îÅ‚îÅ‚îÅ‚îÅ‚îÅ‚îÅ‚îÅ‚îÅ‚îÅ‚îÅ‚îÅ‚îÅ‚îÅ‚îÅ‚îÅ‚îÅ‚îÅ‚îÅ‚îÅ‚îÅ‚îÅ‚îÅ‚îÅ‚îÅ‚îÅ   4000    0             0.02        511          2.17 s/draws     2:24:41   0:00:00    
  ‚îÅ‚îÅ‚îÅ‚îÅ‚îÅ‚îÅ‚îÅ‚îÅ‚îÅ‚îÅ‚îÅ‚îÅ‚îÅ‚îÅ‚îÅ‚îÅ‚îÅ‚îÅ‚îÅ‚îÅ‚îÅ‚îÅ‚îÅ‚îÅ‚îÅ   4000    0             0.02        511          4.43 s/draws     4:55:17   0:00:00


ChatGPT said:
Thanks ‚Äî that output suggests you ran only one chain, twice (likely in separate runs), rather than running multiple chains simultaneously.

Here‚Äôs how we can tell:

üîç What That Output Shows
Each line like this:

bash
Copy
Edit
‚îÅ‚îÅ‚îÅ‚îÅ‚îÅ‚îÅ‚îÅ‚îÅ‚îÅ‚îÅ‚îÅ‚îÅ‚îÅ‚îÅ‚îÅ‚îÅ‚îÅ‚îÅ‚îÅ‚îÅ‚îÅ‚îÅ‚îÅ‚îÅ‚îÅ   4000    0             0.02        511          2.17 s/draws     2:24:41   0:00:00
corresponds to one chain finishing 4000 draws.

If you had run multiple chains in one sampling call, you'd see multiple progress bars shown at once, like this:

yaml
Copy
Edit
Chain 0 ‚îÅ‚îÅ‚îÅ‚îÅ‚îÅ‚îÅ‚îÅ‚îÅ‚îÅ‚îÅ‚îÅ‚îÅ‚îÅ‚îÅ‚îÅ‚îÅ‚îÅ‚îÅ‚îÅ‚îÅ 4000 ...
Chain 1 ‚îÅ‚îÅ‚îÅ‚îÅ‚îÅ‚îÅ‚îÅ‚îÅ‚îÅ‚îÅ‚îÅ‚îÅ‚îÅ‚îÅ‚îÅ‚îÅ‚îÅ‚îÅ‚îÅ‚îÅ 4000 ...
Chain 2 ‚îÅ‚îÅ‚îÅ‚îÅ‚îÅ‚îÅ‚îÅ‚îÅ‚îÅ‚îÅ‚îÅ‚îÅ‚îÅ‚îÅ‚îÅ‚îÅ‚îÅ‚îÅ‚îÅ‚îÅ 4000 ...
Chain 3 ‚îÅ‚îÅ‚îÅ‚îÅ‚îÅ‚îÅ‚îÅ‚îÅ‚îÅ‚îÅ‚îÅ‚îÅ‚îÅ‚îÅ‚îÅ‚îÅ‚îÅ‚îÅ‚îÅ‚îÅ 4000 ...
Or in tabular form:

yaml
Copy
Edit
Chains: 4
Draws: 1000
‚úÖ To Run Multiple Chains
If you're using PyMC, re-run sampling like this:

python
Copy
Edit
with model:
    idata = pm.sample(draws=1000, chains=4, tune=1000)
If you're using NumPyro:

python
Copy
Edit
idata = az.from_numpyro(mcmc)
# But when you run MCMC:
mcmc = MCMC(NUTS(model), num_chains=4, ...)
If you're using CmdStanPy or Stan, you'd also need to specify chains=4.

‚úÖ After That
Then you can do:

python
Copy
Edit
az.plot_rhat(idata, var_names=["w0", "weights"])
plt.tight_layout()
plt.show()
And it should work without any RÃÇ-related errors.

Let me know what library you're using if you want me to write the exact code for your case.








You said:
how do i do a pymc rhat plot


ChatGPT said:
To make an RÃÇ plot in PyMC using ArviZ, follow these steps:

‚úÖ Step-by-Step Example
1. Run sampling with multiple chains
Make sure you specify chains > 1 (typically 4):

python
Copy
Edit
import pymc as pm

with pm.Model() as model:
    w0 = pm.Normal("w0", mu=0, sigma=1)
    weights = pm.Normal("weights", mu=0, sigma=1, shape=3)
    
    idata = pm.sample(draws=1000, chains=4, tune=1000, return_inferencedata=True)
2. Plot RÃÇ using ArviZ
python
Copy
Edit
import arviz as az
import matplotlib.pyplot as plt

az.plot_rhat(idata, var_names=["w0", "weights"])
plt.tight_layout()
plt.show()
This will display a plot showing RÃÇ for w0 and the components of weights.

üß† What RÃÇ Shows
Good convergence: RÃÇ values close to 1.00.

Warning signs: RÃÇ > 1.01 may indicate poor mixing or non-convergence.

üîé Optional: View raw RÃÇ values
You can also print the RÃÇ diagnostics directly:

python
Copy
Edit
print(az.rhat(idata, var_names=["w0", "weights"]))
Let me know if you want to include all variables, or just a subset (e.g., by dimension or name pattern).








You said:
make the labels smaller # credible intervals
az.plot_forest(idata0, combined=True, rope = (0,0))
plt.tight_layout()
plt.show()


ChatGPT said:
To make the labels smaller in your ArviZ plot_forest plot, you can pass the textsize argument:

‚úÖ Updated Code
python
Copy
Edit
az.plot_forest(
    idata0,
    combined=True,
    rope=(0, 0),
    textsize=10  # ‚Üì change this value to adjust label size
)
plt.tight_layout()
plt.show()
üõ† Notes
textsize=10 is a good starting point. Lower = smaller text.

You can go even smaller (e.g., textsize=8) for very crowded plots.

Let me know if you also want to shrink the tick labels or change the figure size.








You said:
arviz rhat plot


ChatGPT said:
To generate an RÃÇ plot using ArviZ, here‚Äôs the complete setup and explanation:

‚úÖ Minimal Working Example: az.plot_rhat
python
Copy
Edit
import pymc as pm
import arviz as az
import matplotlib.pyplot as plt

# Example model
with pm.Model() as model:
    w0 = pm.Normal("w0", mu=0, sigma=1)
    weights = pm.Normal("weights", mu=0, sigma=1, shape=3)
    idata = pm.sample(draws=1000, chains=4, tune=1000, return_inferencedata=True)

# RÃÇ plot
az.plot_rhat(idata, var_names=["w0", "weights"], textsize=10)
plt.tight_layout()
plt.show()
üìå Customization Options for az.plot_rhat
Argument	Purpose	Example
var_names	Variables to include	["w0", "weights"]
textsize	Adjusts label font size	textsize=8
figsize	Set figure size	figsize=(6, 4)
coords	Subset by dimensions	coords={"dim_0": [0, 1]}

üîç Optional: View Raw RÃÇ Values
python
Copy
Edit
rhat_vals = az.rhat(idata, var_names=["w0", "weights"])
print(rhat_vals)
If you're still seeing "no RÃÇ method" errors or if the plot shows nothing, make sure:

idata contains multiple chains (check with print(idata.posterior)).

You‚Äôre using ArviZ ‚â• 0.11 (check with az.__version__).

Let me know if you're working with high-dimensional variables or want to filter specific indices in the RÃÇ plot.








You said:
---------------------------------------------------------------------------
AttributeError                            Traceback (most recent call last)
/tmp/ipython-input-1579271083.py in <cell line: 0>()
      1 # r hat
----> 2 az.plot_rhat(idata0, var_names=['w0', 'weights'])
      3 plt.tight_layout()
      4 plt.show()

AttributeError: module 'arviz' has no attribute 'plot_rhat'


ChatGPT said:
Thanks ‚Äî the error:

AttributeError: module 'arviz' has no attribute 'plot_rhat'

means you're using an older version of ArviZ that doesn't have plot_rhat().

‚úÖ Fix: Upgrade ArviZ
To use az.plot_rhat, you need ArviZ ‚â• 0.13.0 (released late 2021). Upgrade it with:

bash
Copy
Edit
pip install --upgrade arviz
Then restart your Python kernel or runtime.

To confirm the upgrade worked:

python
Copy
Edit
import arviz as az
print(az.__version__)  # Should be 0.13.0 or higher
‚úÖ After upgrading
You can run:

python
Copy
Edit
az.plot_rhat(idata0, var_names=['w0', 'weights'], textsize=10)
plt.tight_layout()
plt.show()
üß† If You Can‚Äôt Upgrade
If for some reason you can't upgrade ArviZ, use the text version of RÃÇ:

python
Copy
Edit
az.rhat(idata0, var_names=['w0', 'weights'])
This prints RÃÇ values instead of plotting them.

Let me know if you'd like me to recommend a workaround using older ArviZ (e.g., plotting RÃÇ manually).








You said:
0.22.0


ChatGPT said:
Great ‚Äî you're using ArviZ 0.22.0, which does include plot_rhat. So the error:

AttributeError: module 'arviz' has no attribute 'plot_rhat'

is surprising and usually means something else is going wrong.

Let‚Äôs go through the possible causes:

‚úÖ 1. Shadowed Import
You might have accidentally created a file named arviz.py or a variable named arviz or az in your environment. That would shadow the actual ArviZ library.

üîé Check This:
Run the following:

python
Copy
Edit
import arviz as az
print(az.__file__)
‚úÖ If it points to something like:

bash
Copy
Edit
.../site-packages/arviz/__init__.py
Then you're fine.

üö´ If it points to:

swift
Copy
Edit
/path/to/your/project/arviz.py
...then you need to rename or delete that file to avoid conflict.

‚úÖ 2. Restart Your Kernel
Sometimes Jupyter/IPython caches an old module. Do this:

In Jupyter: Kernel ‚Üí Restart Kernel and Clear Output

Or in IPython/Colab: Runtime ‚Üí Restart runtime

Then re-import:

python
Copy
Edit
import arviz as az
az.plot_rhat(idata0, var_names=['w0', 'weights'])
‚úÖ 3. Sanity Check: What Functions Are Available?
Run:

python
Copy
Edit
import arviz as az
print(dir(az))
And confirm plot_rhat is listed. If not, something is wrong with the install.

‚úÖ 4. Force Reinstall ArviZ
If you're still stuck, try reinstalling:

bash
Copy
Edit
pip uninstall arviz
pip install arviz==0.22.0
Or latest version:

bash
Copy
Edit
pip install --upgrade arviz
Let me know the result of print(az.__file__) and print(dir(az)) ‚Äî I can give exact next steps from there.








You said:
give me an alternate way to get an rhat plot


ChatGPT said:
If az.plot_rhat isn't working for you despite having ArviZ 0.22.0, you can manually create an RÃÇ plot using az.rhat() and matplotlib.

‚úÖ Alternate Way: Manual RÃÇ Plot
python
Copy
Edit
import arviz as az
import matplotlib.pyplot as plt

# Get RÃÇ values
rhat_data = az.rhat(idata0, var_names=["w0", "weights"])

# Convert to pandas for easy plotting
rhat_df = rhat_data.to_dataframe().reset_index()

# Plot
fig, ax = plt.subplots(figsize=(6, 4))
ax.barh(rhat_df["variable"], rhat_df["r_hat"], color="skyblue")

# Add reference line at 1.01
ax.axvline(1.01, color="red", linestyle="--", label="RÃÇ = 1.01 threshold")

ax.set_xlabel("RÃÇ")
ax.set_title("RÃÇ Diagnostic by Variable")
ax.legend()
plt.tight_layout()
plt.show()
üß† What This Does:
Computes RÃÇ with az.rhat()

Converts it to a plottable format using .to_dataframe()

Uses matplotlib to create a bar plot

Adds a red dashed line at 1.01 (common convergence threshold)

üõ†Ô∏è Customize:
If weights has multiple dimensions (e.g. shape=(3,)), this plot will show them as weights[0], weights[1], etc.

Adjust figsize, color, font size, or sort order as needed.

Let me know if your variables are multidimensional and you want to customize how those get labeled or filtered.








You said:
does not work


ChatGPT said:
Thanks for testing that ‚Äî let's fix it.

üß† The Problem
You're using az.rhat(idata0, var_names=[...]), but in newer ArviZ versions, the result of az.rhat() is a xarray.Dataset, not a pandas-compatible object. Trying to call .to_dataframe() directly may fail, especially if your variables are multidimensional (e.g., weights[3]).

‚úÖ Reliable Alternate RÃÇ Plot (Works with multidimensional variables)
Here‚Äôs a version that works even with shapes like weights[0], weights[1], etc.:

python
Copy
Edit
import arviz as az
import matplotlib.pyplot as plt

# Get RÃÇ values as an xarray Dataset
rhat_xr = az.rhat(idata0, var_names=['w0', 'weights'])

# Flatten the xarray to variable/index format
rhat_flat = rhat_xr.stack(var=rhat_xr.dims).dropna('var')  # drop any nan entries

# Extract names and values for plotting
names = [str(v) for v in rhat_flat['r_hat']['var'].values]
values = rhat_flat['r_hat'].values

# Plot
plt.figure(figsize=(8, 0.5 * len(names)))
plt.barh(names, values, color='skyblue')
plt.axvline(1.01, color='red', linestyle='--', label='RÃÇ = 1.01 threshold')
plt.xlabel('RÃÇ')
plt.title('RÃÇ Diagnostic per Parameter')
plt.legend()
plt.tight_layout()
plt.show()
üß™ What This Fix Does:
Works with scalar and vector-valued variables

Converts the RÃÇ xarray into a flat list of labeled parameters

Produces a clean horizontal bar chart of RÃÇ values

Example Output Labels:
If your model has:

w0 (scalar)

weights (vector of 3)

You‚Äôll get bars for:

w0

weights[0]

weights[1]

weights[2]

Let me know if:

You want to sort the RÃÇs

You have higher-dimensional variables (e.g. 2D arrays) and want to filter or relabel

You want to highlight only those with RÃÇ > 1.01








You said:
Error                                  Traceback (most recent call last)
/usr/local/lib/python3.11/dist-packages/xarray/core/dataset.py in _construct_dataarray(self, name)
   1153         try:
-> 1154             variable = self._variables[name]
   1155         except KeyError:

KeyError: 'r_hat'

During handling of the above exception, another exception occurred:

KeyError                                  Traceback (most recent call last)
4 frames
KeyError: 'r_hat'

The above exception was the direct cause of the following exception:

KeyError                                  Traceback (most recent call last)
/usr/local/lib/python3.11/dist-packages/xarray/core/dataset.py in __getitem__(self, key)
   1272                 if isinstance(key, tuple):
   1273                     message += f"\nHint: use a list to select multiple variables, for example ds[{list(key)}]"
-> 1274                 raise KeyError(message) from e
   1275 
   1276         if utils.iterable_of_hashable(key):

KeyError: "No variable named 'r_hat'. Variables on the dataset include ['w0', 'weights', 'var', 'weights_dim_0']"


ChatGPT said:
Perfect ‚Äî this tells us that az.rhat() returned a dataset where each variable's RÃÇ is already named after the variable itself (e.g., 'w0', 'weights'), not under a 'r_hat' key.

So let‚Äôs revise the code to work with your output correctly.

‚úÖ Working Version for Your Case
python
Copy
Edit
import arviz as az
import matplotlib.pyplot as plt

# Get RÃÇ values as xarray.Dataset
rhat_ds = az.rhat(idata0, var_names=["w0", "weights"])

# Convert all variables in the Dataset to 1D values with labels
rhat_values = []
rhat_labels = []

for var in rhat_ds.data_vars:
    values = rhat_ds[var].values.flatten()
    coords = rhat_ds[var].coords
    if values.size == 1:
        rhat_values.append(values.item())
        rhat_labels.append(var)
    else:
        # For multidimensional variables, add indices to the label
        for idx, val in enumerate(values):
            rhat_values.append(val)
            rhat_labels.append(f"{var}[{idx}]")

# Plot
plt.figure(figsize=(8, 0.5 * len(rhat_labels)))
plt.barh(rhat_labels, rhat_values, color="skyblue")
plt.axvline(1.01, color="red", linestyle="--", label="RÃÇ = 1.01 threshold")
plt.xlabel("RÃÇ")
plt.title("RÃÇ Diagnostic per Parameter")
plt.legend()
plt.tight_layout()
plt.show()
üß† Why This Works:
It handles scalar and vector-valued variables (w0, weights[0], etc.).

Doesn't assume the RÃÇ values are under a 'r_hat' variable ‚Äî it directly accesses the named variables in the dataset returned by az.rhat().

Let me know if you want to:

Only plot variables with RÃÇ > 1.01

Sort by RÃÇ value

Handle 2D/3D variables like matrices (e.g., weights[i, j])

Happy to tweak it.








You said:
how do i use az.rhat


ChatGPT said:
Great question ‚Äî az.rhat() computes the Gelman-Rubin convergence diagnostic (RÃÇ) for each variable in your model, using samples from an InferenceData object.

‚úÖ Basic Usage
python
Copy
Edit
import arviz as az

# Compute RÃÇ for all parameters in the posterior
rhat = az.rhat(idata)
print(rhat)
This returns an xarray.Dataset where each variable contains its RÃÇ values. If a variable is a vector (e.g., weights), you‚Äôll get RÃÇ values per element.

‚úÖ Usage with Specific Variables
python
Copy
Edit
az.rhat(idata, var_names=["w0", "weights"])
‚úÖ Example Output
If weights is a vector of length 3, you‚Äôll get:

go
Copy
Edit
<xarray.Dataset>
Dimensions:  (weights_dim_0: 3)
Coordinates:
  * weights_dim_0  (weights_dim_0) int64 0 1 2
Data variables:
    w0            float64 1.001
    weights       (weights_dim_0) float64 1.001 1.000 1.002
üß† What RÃÇ Means
RÃÇ ‚âà 1.00 ‚Üí Converged

RÃÇ > 1.01 ‚Üí Potential convergence issues (poor mixing)

RÃÇ undefined or NaN ‚Üí Variable has no between-chain variability or only one chain used

üß™ Requirements
You must have sampled with more than one chain (e.g., chains=4)

idata must include a posterior group (i.e., it must come from MCMC, not MAP or variational inference)

‚úÖ Check What‚Äôs in Your InferenceData
python
Copy
Edit
print(idata)
Make sure it includes:

sql
Copy
Edit
Inference data with groups:
    > posterior
    > sample_stats
    ...
If there's no posterior, az.rhat() will raise an error.

Let me know if you'd like to:

Save RÃÇ values to CSV

Plot them (we can use the code we debugged earlier)

Filter just the ones > 1.01








You said:
how do i use the plot rhat 


ChatGPT said:
To use az.plot_rhat() (ArviZ's built-in RÃÇ diagnostic plot), follow this step-by-step guide.

‚úÖ 1. Make sure you're using MCMC with multiple chains
RÃÇ (Gelman-Rubin statistic) requires multiple chains to be valid.

Example (PyMC):

python
Copy
Edit
import pymc as pm

with pm.Model() as model:
    w0 = pm.Normal("w0", mu=0, sigma=1)
    weights = pm.Normal("weights", mu=0, sigma=1, shape=3)
    idata = pm.sample(draws=1000, chains=4, return_inferencedata=True)
‚úÖ 2. Use az.plot_rhat() to plot
python
Copy
Edit
import arviz as az
import matplotlib.pyplot as plt

az.plot_rhat(idata, var_names=["w0", "weights"], textsize=10)
plt.tight_layout()
plt.show()
üîß Parameters You Can Use
Argument	Purpose	Example
var_names	Select variables to plot	["w0", "weights"]
textsize	Control label font size	textsize=8 or 10
figsize	Set plot size	figsize=(6, 4)
coords	Filter dimensions if variable is indexed	coords={"weights_dim_0": [0, 1]}

üß† How to Interpret the Plot
Each bar shows the RÃÇ for one parameter. A red line at 1.01 is the common convergence threshold:

‚úÖ RÃÇ ‚âà 1.00: Converged

‚ö†Ô∏è RÃÇ > 1.01: Possible convergence problem

‚ùå RÃÇ undefined: Usually means you only ran one chain

‚ùó Common Errors and Fixes
Error	Cause	Fix
AttributeError: module 'arviz' has no attribute 'plot_rhat'	ArviZ version is too old or shadowed	pip install --upgrade arviz
RÃÇ values are all NaN	Only 1 chain was used	Sample with chains=2 or more
Plot is blank	Variable names are misspecified	Check with print(idata.posterior)

Let me know if you want to filter only high RÃÇ values, customize the plot style, or include/exclude specific parameter dimensions.








You said:
what libraries do have a function to plot rhat


ChatGPT said:
Good question ‚Äî while RÃÇ is a standard diagnostic for MCMC convergence, not many libraries offer a dedicated plot function for it out of the box. Here's a breakdown of libraries that do or don‚Äôt offer RÃÇ plots, and how to use them:

‚úÖ Libraries with RÃÇ Plot Support
1. ArviZ ‚úÖ
Function: az.plot_rhat()

Use: Works with InferenceData objects (used by PyMC, NumPyro, Stan via CmdStanPy, etc.)

Status: Actively maintained and most feature-rich

python
Copy
Edit
import arviz as az
az.plot_rhat(idata, var_names=["w0", "weights"])
2. bayesplot (R) ‚úÖ
Function: mcmc_rhat() in the bayesplot R package

Use: Works with MCMC output from Stan or brms

Status: Widely used in R ecosystem

r
Copy
Edit
library(bayesplot)
mcmc_rhat(fit)
‚ö†Ô∏è Libraries Without Built-In RÃÇ Plot Function
3. PyStan / CmdStanPy / CmdStanR
They compute RÃÇ, but don‚Äôt provide a plot function.

You can use ArviZ to convert the output and then plot:

python
Copy
Edit
import arviz as az
idata = az.from_cmdstanpy(stan_fit)
az.plot_rhat(idata)
4. NumPyro
Computes RÃÇ via ArviZ.

No built-in plot, but you can:

python
Copy
Edit
idata = az.from_numpyro(mcmc)
az.plot_rhat(idata)
5. PyMC
Does not provide plot_rhat() directly.

Delegates diagnostics and plotting to ArviZ, which it tightly integrates with.

6. TensorFlow Probability (TFP)
Can compute RÃÇ manually.

No built-in RÃÇ plot ‚Äî you‚Äôd need to calculate it yourself and use matplotlib to plot.

‚úÖ Summary Table
Library	Computes RÃÇ	Plots RÃÇ
ArviZ (Python)	‚úÖ	‚úÖ az.plot_rhat()
bayesplot (R)	‚úÖ	‚úÖ mcmc_rhat()
PyMC	‚úÖ (via ArviZ)	‚ùå (use ArviZ)
CmdStanPy	‚úÖ	‚ùå (use ArviZ)
NumPyro	‚úÖ (via ArviZ)	‚ùå (use ArviZ)
TFP	‚úÖ (manual)	‚ùå (manual plot)

Let me know what library you're working with, and I can give you the exact code to compute and visualize RÃÇ.








You said:
do an rhat plot rhat = az.rhat(idata0)

# plot it
rhat


ChatGPT said:
If you do this:

python
Copy
Edit
rhat = az.rhat(idata0)
rhat
you‚Äôll get an xarray.Dataset output showing RÃÇ values for all variables, but that‚Äôs not a plot ‚Äî just the raw numbers.

To plot the RÃÇ values, you need to visualize them explicitly.
Since az.plot_rhat isn‚Äôt working or you want an alternative, here‚Äôs a quick way to plot the RÃÇ values from rhat manually:

python
Copy
Edit
import matplotlib.pyplot as plt

# Compute RÃÇ values
rhat = az.rhat(idata0)

# Flatten all variables and their values into lists for plotting
labels = []
values = []

for var in rhat.data_vars:
    vals = rhat[var].values.flatten()
    if vals.size == 1:
        labels.append(var)
        values.append(vals.item())
    else:
        for i, v in enumerate(vals):
            labels.append(f"{var}[{i}]")
            values.append(v)

# Plot RÃÇ values
plt.figure(figsize=(8, max(4, 0.3 * len(labels))))
plt.barh(labels, values, color='skyblue')
plt.axvline(1.01, color='red', linestyle='--', label='RÃÇ = 1.01 threshold')
plt.xlabel('RÃÇ')
plt.title('RÃÇ Diagnostic')
plt.legend()
plt.tight_layout()
plt.show()
This will produce a horizontal bar plot showing the RÃÇ value for each parameter, with a red line at 1.01 indicating the common convergence threshold.

If you want me to help fix az.plot_rhat() usage or need something else, just ask!








You said:
make it look more like the one produced in rstanarm in r


ChatGPT said:
Got it! The rstanarm R package produces very clean, minimal RÃÇ plots ‚Äî typically vertical dotplots with a reference line at 1.01, with each parameter as a dot (not bars), nicely spaced and sorted by RÃÇ value.

Let's create a similar style RÃÇ plot in Python using your rhat xarray dataset, but as a vertical dot plot, sorted by RÃÇ, with a clean minimalist look:

Clean RÃÇ Dotplot (like rstanarm)
python
Copy
Edit
import arviz as az
import matplotlib.pyplot as plt
import numpy as np

# Compute RÃÇ values
rhat = az.rhat(idata0)

# Flatten variables and values
labels = []
values = []

for var in rhat.data_vars:
    vals = rhat[var].values.flatten()
    if vals.size == 1:
        labels.append(var)
        values.append(vals.item())
    else:
        for i, v in enumerate(vals):
            labels.append(f"{var}[{i}]")
            values.append(v)

# Convert to numpy arrays for sorting
values = np.array(values)
labels = np.array(labels)

# Sort by RÃÇ ascending
sorted_indices = np.argsort(values)
values_sorted = values[sorted_indices]
labels_sorted = labels[sorted_indices]

# Plot
plt.figure(figsize=(6, max(4, 0.15 * len(labels_sorted))))
plt.scatter(values_sorted, range(len(values_sorted)), color='black', zorder=3)
plt.axvline(1.01, color='red', linestyle='--', label='RÃÇ = 1.01 threshold', zorder=2)

# Y-axis: parameter names, inverted so top is highest RÃÇ
plt.yticks(range(len(labels_sorted)), labels_sorted)
plt.gca().invert_yaxis()

plt.xlabel('RÃÇ')
plt.title('RÃÇ Diagnostic')
plt.grid(axis='x', linestyle=':', alpha=0.7)
plt.legend()

plt.tight_layout()
plt.show()
What this does:
Shows each parameter as a dot along the x-axis (RÃÇ value).

Parameters are sorted by RÃÇ from low (bottom) to high (top).

Horizontal red dashed line at RÃÇ = 1.01.

Clean grid and minimal styling, similar to rstanarm plots.

Parameter names on the y-axis.

If you want it horizontal instead or with color coding by threshold, or grouped differently, just say!








You said:
make it look like this one 
plot(vote_preference_model, "rhat")


ChatGPT said:
The plot(vote_preference_model, "rhat") call in rstanarm produces a vertical dotplot of RÃÇ values, typically with:

Dots at the RÃÇ values per parameter (including vector elements)

A vertical red dashed line at 1.01 (convergence threshold)

Parameter names on the y-axis, ordered by RÃÇ value (largest on top)

Clean, minimal grid and axis labels

Here‚Äôs a Python/ArviZ + matplotlib version that closely mimics that style:

python
Copy
Edit
import arviz as az
import matplotlib.pyplot as plt
import numpy as np

# Compute RÃÇ values
rhat = az.rhat(idata0)

# Flatten variables and values for plotting
labels = []
values = []

for var in rhat.data_vars:
    vals = rhat[var].values.flatten()
    if vals.size == 1:
        labels.append(var)
        values.append(vals.item())
    else:
        for i, v in enumerate(vals):
            labels.append(f"{var}[{i}]")
            values.append(v)

# Convert to numpy arrays
values = np.array(values)
labels = np.array(labels)

# Sort by descending RÃÇ (highest on top)
sorted_idx = np.argsort(values)[::-1]
values_sorted = values[sorted_idx]
labels_sorted = labels[sorted_idx]

# Plot
plt.figure(figsize=(7, max(5, 0.25 * len(labels_sorted))))
plt.scatter(values_sorted, np.arange(len(values_sorted)), color='black', s=30, zorder=3)

# Reference line at RÃÇ=1.01
plt.axvline(1.01, color='red', linestyle='--', label='RÃÇ = 1.01 threshold', zorder=2)

# Set yticks and labels
plt.yticks(np.arange(len(labels_sorted)), labels_sorted)
plt.gca().invert_yaxis()

plt.xlabel('RÃÇ')
plt.title('RÃÇ Diagnostic')
plt.grid(axis='x', linestyle=':', linewidth=0.7, alpha=0.7)
plt.legend()

plt.tight_layout()
plt.show()
How it matches rstanarm:
Vertical dot plot with parameter names on y-axis

Parameters sorted so largest RÃÇ at the top

Red dashed vertical line at 1.01

Clean grid lines on x-axis

Minimalist style, black dots for points

If you want, I can help you add:

Color coding points (e.g., red if RÃÇ > 1.01)

Interactive hover labels (requires more advanced tools)

Grouping parameters by type

Just ask!








You said:
make the black dots blue dots with horizontal lines showing their distance from 1


ChatGPT said:
Got it! Here's the updated version that:

Changes the dots to blue dots

Adds horizontal lines from each dot to the RÃÇ = 1 baseline (distance from 1)

Keeps the vertical layout and sorting (largest RÃÇ at top)

Keeps the red dashed line at 1.01 as convergence threshold

Updated RÃÇ Plot with Horizontal Lines
python
Copy
Edit
import arviz as az
import matplotlib.pyplot as plt
import numpy as np

# Compute RÃÇ values
rhat = az.rhat(idata0)

# Flatten variables and values for plotting
labels = []
values = []

for var in rhat.data_vars:
    vals = rhat[var].values.flatten()
    if vals.size == 1:
        labels.append(var)
        values.append(vals.item())
    else:
        for i, v in enumerate(vals):
            labels.append(f"{var}[{i}]")
            values.append(v)

values = np.array(values)
labels = np.array(labels)

# Sort by descending RÃÇ (highest on top)
sorted_idx = np.argsort(values)[::-1]
values_sorted = values[sorted_idx]
labels_sorted = labels[sorted_idx]

# Plot setup
plt.figure(figsize=(7, max(5, 0.25 * len(labels_sorted))))

# Y positions for dots
y_pos = np.arange(len(labels_sorted))

# Plot horizontal lines from 1 to RÃÇ value
for x, y in zip(values_sorted, y_pos):
    plt.hlines(y, 1, x, color='blue', alpha=0.5, linewidth=2)

# Plot blue dots at RÃÇ values
plt.scatter(values_sorted, y_pos, color='blue', s=50, zorder=3)

# Reference line at RÃÇ=1.01
plt.axvline(1.01, color='red', linestyle='--', label='RÃÇ = 1.01 threshold', zorder=2)

# Y-axis labels (parameters)
plt.yticks(y_pos, labels_sorted)
plt.gca().invert_yaxis()

plt.xlabel('RÃÇ')
plt.title('RÃÇ Diagnostic with Distance from 1')
plt.grid(axis='x', linestyle=':', linewidth=0.7, alpha=0.7)
plt.legend()

plt.tight_layout()
plt.show()
Explanation:
plt.hlines() draws a horizontal line for each parameter from x=1 to the RÃÇ value, showing the "distance from 1."

Blue dots mark the exact RÃÇ values.

The red dashed line at 1.01 marks the convergence cutoff.

If you want it the other way around (lines from RÃÇ to 1 if RÃÇ < 1), or color coding for values above threshold, I can help add that too!








You said:
outline the blue dots and lines in gray


ChatGPT said:
To outline the blue dots and lines in gray, we'll:

Add a gray edge to the blue dots using edgecolors='gray'.

Use gray outlines under the blue lines by plotting two layers: a thicker gray line under a thinner blue line.

Here‚Äôs the revised plot code:

‚úÖ RÃÇ Plot: Blue with Gray Outline
python
Copy
Edit
import arviz as az
import matplotlib.pyplot as plt
import numpy as np

# Compute RÃÇ values
rhat = az.rhat(idata0)

# Flatten variables and values for plotting
labels = []
values = []

for var in rhat.data_vars:
    vals = rhat[var].values.flatten()
    if vals.size == 1:
        labels.append(var)
        values.append(vals.item())
    else:
        for i, v in enumerate(vals):
            labels.append(f"{var}[{i}]")
            values.append(v)

values = np.array(values)
labels = np.array(labels)

# Sort by descending RÃÇ (highest on top)
sorted_idx = np.argsort(values)[::-1]
values_sorted = values[sorted_idx]
labels_sorted = labels[sorted_idx]

# Plot setup
plt.figure(figsize=(7, max(5, 0.25 * len(labels_sorted))))
y_pos = np.arange(len(labels_sorted))

# Plot gray "outline" lines first (thicker)
for x, y in zip(values_sorted, y_pos):
    plt.hlines(y, 1, x, color='gray', alpha=0.6, linewidth=4, zorder=1)

# Plot blue lines on top
for x, y in zip(values_sorted, y_pos):
    plt.hlines(y, 1, x, color='blue', alpha=1.0, linewidth=2, zorder=2)

# Blue dots with gray edge
plt.scatter(values_sorted, y_pos, color='blue', edgecolors='gray', linewidths=1, s=60, zorder=3)

# Reference line at RÃÇ = 1.01
plt.axvline(1.01, color='red', linestyle='--', label='RÃÇ = 1.01 threshold', zorder=0)

# Final formatting
plt.yticks(y_pos, labels_sorted)
plt.gca().invert_yaxis()
plt.xlabel('RÃÇ')
plt.title('RÃÇ Diagnostic with Distance from 1 (Blue + Gray Outline)')
plt.grid(axis='x', linestyle=':', linewidth=0.7, alpha=0.7)
plt.legend()
plt.tight_layout()
plt.show()
This produces a clean RÃÇ plot that looks stylized like rstanarm in R:

Blue dots with gray outlines

Horizontal lines from 1 to RÃÇ

Emphasis on any parameters with RÃÇ ‚â† 1

Let me know if you want to color values above 1.01 differently or group parameters by name.















